<?xml version="1.0" encoding="UTF-8"?>
<!-- Generated by org.testng.reporters.JUnitXMLReporter -->
<testsuite hostname="JIVOXLAPMAC0034.local" ignored="0" name="FlightBooking" tests="5" failures="1" timestamp="18 Apr 2020 12:32:03 GMT" time="32.864" errors="0">
  <testcase name="bookFlight" time="18.501" classname="com.nt.test.FlightBookingTest"/>
  <testcase name="bookFlight" time="13.125" classname="com.nt.test.FlightBookingTest"/>
  <testcase name="enterPassengerData" time="0.032" classname="com.nt.test.FlightBookingTest">
    <failure type="org.testng.internal.reflect.MethodMatcherException" message="
Data provider mismatch
Method: enterPassengerData([Parameter{index=0, type=java.lang.String, declaredAnnotations=[]}, Parameter{index=1, type=java.lang.String, declaredAnnotations=[]}, Parameter{index=2, type=java.lang.String, declaredAnnotations=[]}, Parameter{index=3, type=java.lang.String, declaredAnnotations=[]}, Parameter{index=4, type=java.lang.String, declaredAnnotations=[]}, Parameter{index=5, type=java.lang.String, declaredAnnotations=[]}, Parameter{index=6, type=java.lang.String, declaredAnnotations=[]}, Parameter{index=7, type=java.lang.String, declaredAnnotations=[]}, Parameter{index=8, type=java.lang.String, declaredAnnotations=[]}])
Arguments: [(java.lang.String)Silk Board,(java.lang.String)Bangalore,(java.lang.String)KA,(java.lang.String)560068.0,(java.lang.String)INDIA]">
      <![CDATA[org.testng.internal.reflect.MethodMatcherException: 
Data provider mismatch
Method: enterPassengerData([Parameter{index=0, type=java.lang.String, declaredAnnotations=[]}, Parameter{index=1, type=java.lang.String, declaredAnnotations=[]}, Parameter{index=2, type=java.lang.String, declaredAnnotations=[]}, Parameter{index=3, type=java.lang.String, declaredAnnotations=[]}, Parameter{index=4, type=java.lang.String, declaredAnnotations=[]}, Parameter{index=5, type=java.lang.String, declaredAnnotations=[]}, Parameter{index=6, type=java.lang.String, declaredAnnotations=[]}, Parameter{index=7, type=java.lang.String, declaredAnnotations=[]}, Parameter{index=8, type=java.lang.String, declaredAnnotations=[]}])
Arguments: [(java.lang.String)Silk Board,(java.lang.String)Bangalore,(java.lang.String)KA,(java.lang.String)560068.0,(java.lang.String)INDIA]
... Removed 20 stack frames]]>
    </failure>
  </testcase> <!-- enterPassengerData -->
  <testcase name="billingAddress" time="0.0" classname="com.nt.test.FlightBookingTest">
    <skipped/>
  </testcase> <!-- billingAddress -->
  <testcase name="deliveryAddress" time="0.0" classname="com.nt.test.FlightBookingTest">
    <skipped/>
  </testcase> <!-- deliveryAddress -->
</testsuite> <!-- FlightBooking -->
