<?xml version="1.0" encoding="UTF-8"?>
<!-- Generated by org.testng.reporters.JUnitXMLReporter -->
<testsuite hostname="JIVOXLAPMAC0034.local" ignored="0" name="FlightBooking" tests="7" failures="1" timestamp="18 Apr 2020 11:21:27 GMT" time="17.224" errors="0">
  <testcase name="loginToSite" time="9.301" classname="com.nt.test.FlightBookingTest"/>
  <testcase name="bookFlight" time="6.713" classname="com.nt.test.FlightBookingTest"/>
  <testcase name="bookFlight" time="0.023" classname="com.nt.test.FlightBookingTest">
    <failure type="org.openqa.selenium.support.ui.UnexpectedTagNameException" message="Element should have been &amp;quot;select&amp;quot; but was &amp;quot;input&amp;quot;
Build info: version: &amp;apos;3.14.0&amp;apos;, revision: &amp;apos;aacccce0&amp;apos;, time: &amp;apos;2018-08-02T20:19:58.91Z&amp;apos;
System info: host: &amp;apos;JIVOXLAPMAC0034.local&amp;apos;, ip: &amp;apos;fe80:0:0:0:10ab:eb9f:5391:55e9%en0&amp;apos;, os.name: &amp;apos;Mac OS X&amp;apos;, os.arch: &amp;apos;x86_64&amp;apos;, os.version: &amp;apos;10.15.4&amp;apos;, java.version: &amp;apos;1.8.0_221&amp;apos;
Driver info: driver.version: unknown">
      <![CDATA[org.openqa.selenium.support.ui.UnexpectedTagNameException: Element should have been "select" but was "input"
Build info: version: '3.14.0', revision: 'aacccce0', time: '2018-08-02T20:19:58.91Z'
System info: host: 'JIVOXLAPMAC0034.local', ip: 'fe80:0:0:0:10ab:eb9f:5391:55e9%en0', os.name: 'Mac OS X', os.arch: 'x86_64', os.version: '10.15.4', java.version: '1.8.0_221'
Driver info: driver.version: unknown
	at org.openqa.selenium.support.ui.Select.<init>(Select.java:47)
	at com.nt.base.UIBase.selectClass(UIBase.java:77)
	at com.nt.actions.FlightBookingUIActions.bookFlight(FlightBookingUIActions.java:41)
	at com.nt.test.FlightBookingTest.bookFlight(FlightBookingTest.java:47)
... Removed 25 stack frames]]>
    </failure>
  </testcase> <!-- bookFlight -->
  <testcase name="selectFlightMinPrice" time="0.0" classname="com.nt.test.FlightBookingTest">
    <skipped/>
  </testcase> <!-- selectFlightMinPrice -->
  <testcase name="enterPassengerData" time="0.0" classname="com.nt.test.FlightBookingTest">
    <skipped/>
  </testcase> <!-- enterPassengerData -->
  <testcase name="billingAddress" time="0.0" classname="com.nt.test.FlightBookingTest">
    <skipped/>
  </testcase> <!-- billingAddress -->
  <testcase name="deliveryAddress" time="0.0" classname="com.nt.test.FlightBookingTest">
    <skipped/>
  </testcase> <!-- deliveryAddress -->
</testsuite> <!-- FlightBooking -->
