<?xml version="1.0" encoding="UTF-8"?>
<!-- Generated by org.testng.reporters.JUnitXMLReporter -->
<testsuite hostname="JIVOXLAPMAC0034.local" ignored="2" name="Mac_Chrome" tests="9" failures="0" timestamp="07 Jun 2020 05:15:08 GMT" time="0.04" errors="0">
  <testcase name="test1" time="0.004" classname="com.nt.test.TestNG1"/>
  <testcase name="test1TestNG2" time="0.001" classname="com.nt.test.TestNG2"/>
  <testcase name="test1TestNG3" time="0.0" classname="com.nt.test.TestNG3"/>
  <testcase name="test2" time="0.001" classname="com.nt.test.TestNG1"/>
  <testcase name="test2TestNG2" time="0.001" classname="com.nt.test.TestNG2"/>
  <testcase name="test2TestNG3" time="0.001" classname="com.nt.test.TestNG3"/>
  <testcase name="test3" time="0.001" classname="com.nt.test.TestNG1"/>
  <testcase name="test3TestNG2" time="0.0" classname="com.nt.test.TestNG2"/>
  <testcase name="test3TestNG3" time="0.001" classname="com.nt.test.TestNG3"/>
  <testcase name="@BeforeTest m1" time="0.0" classname="com.nt.test.BrowserInit">
    <ignored/>
  </testcase> <!-- @BeforeTest m1 -->
  <testcase name="@BeforeTest m1" time="0.0" classname="com.nt.test.BrowserInit">
    <ignored/>
  </testcase> <!-- @BeforeTest m1 -->
</testsuite> <!-- Mac_Chrome -->
