<?xml version="1.0" encoding="UTF-8"?>
<testng-results skipped="0" failed="0" ignored="0" total="12" passed="12">
  <reporter-output>
  </reporter-output>
  <suite name="Default suite" duration-ms="47" started-at="2020-07-05T07:59:52Z" finished-at="2020-07-05T07:59:52Z">
    <groups>
    </groups>
    <test name="Default test" duration-ms="47" started-at="2020-07-05T07:59:52Z" finished-at="2020-07-05T07:59:52Z">
      <class name="com.nt.test.TestNG1">
        <test-method status="PASS" signature="beforeCLasssssfw()[pri:0, instance:com.nt.test.TestNG1@327b636c]" name="beforeCLasssssfw" is-config="true" duration-ms="6" started-at="2020-07-05T13:29:52Z" finished-at="2020-07-05T13:29:52Z">
          <reporter-output>
          </reporter-output>
        </test-method> <!-- beforeCLasssssfw -->
        <test-method status="PASS" signature="m3()[pri:0, instance:com.nt.test.TestNG1@327b636c]" name="m3" is-config="true" duration-ms="1" started-at="2020-07-05T13:29:52Z" finished-at="2020-07-05T13:29:52Z">
          <reporter-output>
          </reporter-output>
        </test-method> <!-- m3 -->
        <test-method status="PASS" signature="test2()[pri:0, instance:com.nt.test.TestNG1@327b636c]" name="test2" duration-ms="4" started-at="2020-07-05T13:29:52Z" finished-at="2020-07-05T13:29:52Z">
          <reporter-output>
          </reporter-output>
        </test-method> <!-- test2 -->
        <test-method status="PASS" signature="m3()[pri:0, instance:com.nt.test.TestNG1@327b636c]" name="m3" is-config="true" duration-ms="1" started-at="2020-07-05T13:29:52Z" finished-at="2020-07-05T13:29:52Z">
          <reporter-output>
          </reporter-output>
        </test-method> <!-- m3 -->
        <test-method status="PASS" signature="test2()[pri:0, instance:com.nt.test.TestNG1@327b636c]" name="test2" duration-ms="0" started-at="2020-07-05T13:29:52Z" finished-at="2020-07-05T13:29:52Z">
          <reporter-output>
          </reporter-output>
        </test-method> <!-- test2 -->
        <test-method status="PASS" signature="m3()[pri:0, instance:com.nt.test.TestNG1@327b636c]" name="m3" is-config="true" duration-ms="1" started-at="2020-07-05T13:29:52Z" finished-at="2020-07-05T13:29:52Z">
          <reporter-output>
          </reporter-output>
        </test-method> <!-- m3 -->
        <test-method status="PASS" signature="test2()[pri:0, instance:com.nt.test.TestNG1@327b636c]" name="test2" duration-ms="1" started-at="2020-07-05T13:29:52Z" finished-at="2020-07-05T13:29:52Z">
          <reporter-output>
          </reporter-output>
        </test-method> <!-- test2 -->
        <test-method status="PASS" signature="m3()[pri:0, instance:com.nt.test.TestNG1@327b636c]" name="m3" is-config="true" duration-ms="0" started-at="2020-07-05T13:29:52Z" finished-at="2020-07-05T13:29:52Z">
          <reporter-output>
          </reporter-output>
        </test-method> <!-- m3 -->
        <test-method status="PASS" signature="test2()[pri:0, instance:com.nt.test.TestNG1@327b636c]" name="test2" duration-ms="1" started-at="2020-07-05T13:29:52Z" finished-at="2020-07-05T13:29:52Z">
          <reporter-output>
          </reporter-output>
        </test-method> <!-- test2 -->
        <test-method status="PASS" signature="test2()[pri:0, instance:com.nt.test.TestNG1@327b636c]" name="test2" duration-ms="1" started-at="2020-07-05T13:29:52Z" finished-at="2020-07-05T13:29:52Z">
          <reporter-output>
          </reporter-output>
        </test-method> <!-- test2 -->
        <test-method status="PASS" signature="m3()[pri:0, instance:com.nt.test.TestNG1@327b636c]" name="m3" is-config="true" duration-ms="0" started-at="2020-07-05T13:29:52Z" finished-at="2020-07-05T13:29:52Z">
          <reporter-output>
          </reporter-output>
        </test-method> <!-- m3 -->
        <test-method status="PASS" signature="m3()[pri:0, instance:com.nt.test.TestNG1@327b636c]" name="m3" is-config="true" duration-ms="0" started-at="2020-07-05T13:29:52Z" finished-at="2020-07-05T13:29:52Z">
          <reporter-output>
          </reporter-output>
        </test-method> <!-- m3 -->
        <test-method status="PASS" signature="test2()[pri:0, instance:com.nt.test.TestNG1@327b636c]" name="test2" duration-ms="1" started-at="2020-07-05T13:29:52Z" finished-at="2020-07-05T13:29:52Z">
          <reporter-output>
          </reporter-output>
        </test-method> <!-- test2 -->
        <test-method status="PASS" signature="m3()[pri:0, instance:com.nt.test.TestNG1@327b636c]" name="m3" is-config="true" duration-ms="0" started-at="2020-07-05T13:29:52Z" finished-at="2020-07-05T13:29:52Z">
          <reporter-output>
          </reporter-output>
        </test-method> <!-- m3 -->
        <test-method status="PASS" signature="test2()[pri:0, instance:com.nt.test.TestNG1@327b636c]" name="test2" duration-ms="1" started-at="2020-07-05T13:29:52Z" finished-at="2020-07-05T13:29:52Z">
          <reporter-output>
          </reporter-output>
        </test-method> <!-- test2 -->
        <test-method status="PASS" signature="test2()[pri:0, instance:com.nt.test.TestNG1@327b636c]" name="test2" duration-ms="1" started-at="2020-07-05T13:29:52Z" finished-at="2020-07-05T13:29:52Z">
          <reporter-output>
          </reporter-output>
        </test-method> <!-- test2 -->
        <test-method status="PASS" signature="m3()[pri:0, instance:com.nt.test.TestNG1@327b636c]" name="m3" is-config="true" duration-ms="0" started-at="2020-07-05T13:29:52Z" finished-at="2020-07-05T13:29:52Z">
          <reporter-output>
          </reporter-output>
        </test-method> <!-- m3 -->
        <test-method status="PASS" signature="m3()[pri:0, instance:com.nt.test.TestNG1@327b636c]" name="m3" is-config="true" duration-ms="0" started-at="2020-07-05T13:29:52Z" finished-at="2020-07-05T13:29:52Z">
          <reporter-output>
          </reporter-output>
        </test-method> <!-- m3 -->
        <test-method status="PASS" signature="test2()[pri:0, instance:com.nt.test.TestNG1@327b636c]" name="test2" duration-ms="1" started-at="2020-07-05T13:29:52Z" finished-at="2020-07-05T13:29:52Z">
          <reporter-output>
          </reporter-output>
        </test-method> <!-- test2 -->
        <test-method status="PASS" signature="m3()[pri:0, instance:com.nt.test.TestNG1@327b636c]" name="m3" is-config="true" duration-ms="0" started-at="2020-07-05T13:29:52Z" finished-at="2020-07-05T13:29:52Z">
          <reporter-output>
          </reporter-output>
        </test-method> <!-- m3 -->
        <test-method status="PASS" signature="test2()[pri:0, instance:com.nt.test.TestNG1@327b636c]" name="test2" duration-ms="1" started-at="2020-07-05T13:29:52Z" finished-at="2020-07-05T13:29:52Z">
          <reporter-output>
          </reporter-output>
        </test-method> <!-- test2 -->
        <test-method status="PASS" signature="m3()[pri:0, instance:com.nt.test.TestNG1@327b636c]" name="m3" is-config="true" duration-ms="0" started-at="2020-07-05T13:29:52Z" finished-at="2020-07-05T13:29:52Z">
          <reporter-output>
          </reporter-output>
        </test-method> <!-- m3 -->
        <test-method status="PASS" signature="test1()[pri:1, instance:com.nt.test.TestNG1@327b636c]" name="test1" duration-ms="0" started-at="2020-07-05T13:29:52Z" finished-at="2020-07-05T13:29:52Z">
          <reporter-output>
          </reporter-output>
        </test-method> <!-- test1 -->
        <test-method status="PASS" signature="test3()[pri:100, instance:com.nt.test.TestNG1@327b636c]" name="test3" duration-ms="1" started-at="2020-07-05T13:29:52Z" finished-at="2020-07-05T13:29:52Z">
          <reporter-output>
          </reporter-output>
        </test-method> <!-- test3 -->
        <test-method status="PASS" signature="m3()[pri:0, instance:com.nt.test.TestNG1@327b636c]" name="m3" is-config="true" duration-ms="0" started-at="2020-07-05T13:29:52Z" finished-at="2020-07-05T13:29:52Z">
          <reporter-output>
          </reporter-output>
        </test-method> <!-- m3 -->
      </class> <!-- com.nt.test.TestNG1 -->
    </test> <!-- Default test -->
  </suite> <!-- Default suite -->
</testng-results>
