<?xml version="1.0" encoding="UTF-8"?>
<testng-results skipped="0" failed="0" ignored="0" total="1" passed="1">
  <reporter-output>
  </reporter-output>
  <suite name="FlightBookingTest" duration-ms="9565" started-at="2020-04-15T16:08:37Z" finished-at="2020-04-15T16:08:46Z">
    <groups>
    </groups>
    <test name="FlightBooking" duration-ms="9565" started-at="2020-04-15T16:08:37Z" finished-at="2020-04-15T16:08:46Z">
      <class name="com.nt.test.FlightBookingTest">
        <test-method status="PASS" signature="beforeTest(java.lang.String, java.lang.String)[pri:0, instance:com.nt.test.FlightBookingTest@4b952a2d]" name="beforeTest" is-config="true" duration-ms="5908" started-at="2020-04-15T21:38:31Z" finished-at="2020-04-15T21:38:37Z">
          <params>
            <param index="0">
              <value>
                <![CDATA[Prod]]>
              </value>
            </param>
            <param index="1">
              <value>
                <![CDATA[chrome]]>
              </value>
            </param>
          </params>
          <reporter-output>
          </reporter-output>
        </test-method> <!-- beforeTest -->
        <test-method status="PASS" signature="loginToSite()[pri:1, instance:com.nt.test.FlightBookingTest@4b952a2d]" name="loginToSite" duration-ms="9513" started-at="2020-04-15T21:38:37Z" finished-at="2020-04-15T21:38:46Z">
          <reporter-output>
          </reporter-output>
        </test-method> <!-- loginToSite -->
        <test-method status="PASS" signature="afterSuite()[pri:0, instance:com.nt.test.FlightBookingTest@4b952a2d]" name="afterSuite" is-config="true" duration-ms="76" started-at="2020-04-15T21:38:52Z" finished-at="2020-04-15T21:38:52Z">
          <reporter-output>
          </reporter-output>
        </test-method> <!-- afterSuite -->
      </class> <!-- com.nt.test.FlightBookingTest -->
    </test> <!-- FlightBooking -->
  </suite> <!-- FlightBookingTest -->
</testng-results>
