<?xml version="1.0" encoding="UTF-8"?>
<!-- Generated by org.testng.reporters.JUnitXMLReporter -->
<testsuite hostname="JIVOXLAPMAC0034.local" ignored="0" name="Default test" tests="12" failures="0" timestamp="05 Jul 2020 07:59:57 GMT" time="0.047" errors="0">
  <testcase name="test2" time="0.004" classname="com.nt.test.TestNG1"/>
  <testcase name="test2" time="0.0" classname="com.nt.test.TestNG1"/>
  <testcase name="test2" time="0.001" classname="com.nt.test.TestNG1"/>
  <testcase name="test2" time="0.001" classname="com.nt.test.TestNG1"/>
  <testcase name="test2" time="0.001" classname="com.nt.test.TestNG1"/>
  <testcase name="test2" time="0.001" classname="com.nt.test.TestNG1"/>
  <testcase name="test2" time="0.001" classname="com.nt.test.TestNG1"/>
  <testcase name="test2" time="0.001" classname="com.nt.test.TestNG1"/>
  <testcase name="test2" time="0.001" classname="com.nt.test.TestNG1"/>
  <testcase name="test2" time="0.001" classname="com.nt.test.TestNG1"/>
  <testcase name="test1" time="0.0" classname="com.nt.test.TestNG1"/>
  <testcase name="test3" time="0.001" classname="com.nt.test.TestNG1"/>
</testsuite> <!-- Default test -->
